<?xml version="1.0" encoding="UTF-8"?>
<testng-results ignored="0" total="2" passed="2" failed="0" skipped="0">
  <reporter-output>
  </reporter-output>
  <suite started-at="2023-01-05T12:37:04 IST" name="Suite" finished-at="2023-01-05T12:37:37 IST" duration-ms="33362">
    <groups>
    </groups>
    <test started-at="2023-01-05T12:37:04 IST" name="edgetest" finished-at="2023-01-05T12:37:24 IST" duration-ms="19597">
      <class name="test.Multi_Browser">
        <test-method is-config="true" signature="beforeClass(java.lang.String)[pri:0, instance:test.Multi_Browser@771a660]" started-at="2023-01-05T12:37:04 IST" name="beforeClass" finished-at="2023-01-05T12:37:22 IST" duration-ms="18357" status="PASS">
          <params>
            <param index="0">
              <value>
                <![CDATA[edge]]>
              </value>
            </param>
          </params>
          <reporter-output>
          </reporter-output>
        </test-method> <!-- beforeClass -->
        <test-method signature="f()[pri:0, instance:test.Multi_Browser@771a660]" started-at="2023-01-05T12:37:22 IST" name="f" finished-at="2023-01-05T12:37:23 IST" duration-ms="759" status="PASS">
          <reporter-output>
          </reporter-output>
        </test-method> <!-- f -->
        <test-method is-config="true" signature="afterClass()[pri:0, instance:test.Multi_Browser@771a660]" started-at="2023-01-05T12:37:23 IST" name="afterClass" finished-at="2023-01-05T12:37:24 IST" duration-ms="417" status="PASS">
          <reporter-output>
          </reporter-output>
        </test-method> <!-- afterClass -->
      </class> <!-- test.Multi_Browser -->
    </test> <!-- edgetest -->
    <test started-at="2023-01-05T12:37:24 IST" name="chrometest" finished-at="2023-01-05T12:37:37 IST" duration-ms="13693">
      <class name="test.Multi_Browser">
        <test-method is-config="true" signature="beforeClass(java.lang.String)[pri:0, instance:test.Multi_Browser@2a7f1f10]" started-at="2023-01-05T12:37:24 IST" name="beforeClass" finished-at="2023-01-05T12:37:36 IST" duration-ms="11998" status="PASS">
          <params>
            <param index="0">
              <value>
                <![CDATA[chrome]]>
              </value>
            </param>
          </params>
          <reporter-output>
          </reporter-output>
        </test-method> <!-- beforeClass -->
        <test-method signature="f()[pri:0, instance:test.Multi_Browser@2a7f1f10]" started-at="2023-01-05T12:37:36 IST" name="f" finished-at="2023-01-05T12:37:37 IST" duration-ms="979" status="PASS">
          <reporter-output>
          </reporter-output>
        </test-method> <!-- f -->
        <test-method is-config="true" signature="afterClass()[pri:0, instance:test.Multi_Browser@2a7f1f10]" started-at="2023-01-05T12:37:37 IST" name="afterClass" finished-at="2023-01-05T12:37:37 IST" duration-ms="711" status="PASS">
          <reporter-output>
          </reporter-output>
        </test-method> <!-- afterClass -->
      </class> <!-- test.Multi_Browser -->
    </test> <!-- chrometest -->
  </suite> <!-- Suite -->
</testng-results>
